<?xml version="1.0" encoding="UTF-8"?>
<!-- Generated by org.testng.reporters.JUnitReportReporter -->
<testsuite skipped="0" hostname="LAPTOP-52ETPP1N" name="test.MonthDropdownTest" tests="1" failures="0" timestamp="2021-09-05T08:50:01 GMT-11:00" time="3.207" errors="0">
  <testcase name="validUserDueDateDropdownHaveAllMonths" time="3.207" classname="test.MonthDropdownTest"/>
  <system-out/>
</testsuite> <!-- test.MonthDropdownTest -->
