<?xml version="1.0" encoding="UTF-8"?>
<!-- Generated by org.testng.reporters.JUnitReportReporter -->
<testsuite skipped="0" hostname="LAPTOP-52ETPP1N" name="test.ValidateNewCategoryIsAddedTest" tests="1" failures="0" timestamp="2021-09-05T18:52:39 GMT-11:00" time="3.380" errors="0">
  <testcase name="validNewCategoryIsAdd" time="3.380" classname="test.ValidateNewCategoryIsAddedTest"/>
  <system-out/>
</testsuite> <!-- test.ValidateNewCategoryIsAddedTest -->
