<?xml version="1.0" encoding="UTF-8"?>
<!-- Generated by org.testng.reporters.JUnitReportReporter -->
<testsuite skipped="0" hostname="LAPTOP-52ETPP1N" name="test.AddCategoryTest" tests="1" failures="0" timestamp="03 Sep 2021 01:53:02 GMT" time="3.958" errors="0">
  <testcase name="validUserShouldBeAbleToSeeNewCategory" time="3.958" classname="test.AddCategoryTest"/>
</testsuite> <!-- test.AddCategoryTest -->
